<?xml version="1.0" encoding="UTF-8"?>
<!-- Generated by org.testng.reporters.JUnitXMLReporter -->
<testsuite ignored="0" hostname="DESKTOP-KFALALN" failures="0" tests="3" name="Default test" time="7.978" errors="0" timestamp="2024-04-22T23:56:23 EET">
  <testcase classname="AlmosaferWeb.MyTestCases" name="CheckContactNumber" time="0.255"/>
  <testcase classname="AlmosaferWeb.MyTestCases" name="CheckQitafLogo" time="0.101"/>
  <testcase classname="AlmosaferWeb.MyTestCases" name="RandomMethodToChangTheLanguage" time="2.376"/>
</testsuite> <!-- Default test -->
