<?xml version="1.0" encoding="UTF-8"?>
<testng-results ignored="0" total="3" passed="3" failed="0" skipped="0">
  <reporter-output>
  </reporter-output>
  <suite started-at="2024-04-22T23:56:15 EET" name="Default suite" finished-at="2024-04-22T23:56:23 EET" duration-ms="7978">
    <groups>
    </groups>
    <test started-at="2024-04-22T23:56:15 EET" name="Default test" finished-at="2024-04-22T23:56:23 EET" duration-ms="7978">
      <class name="AlmosaferWeb.MyTestCases">
        <test-method is-config="true" signature="mySetup()[pri:0, instance:AlmosaferWeb.MyTestCases@44e3a2b2]" started-at="2024-04-22T23:56:15 EET" name="mySetup" finished-at="2024-04-22T23:56:20 EET" duration-ms="5135" status="PASS">
          <reporter-output>
          </reporter-output>
        </test-method> <!-- mySetup -->
        <test-method signature="CheckContactNumber()[pri:3, instance:AlmosaferWeb.MyTestCases@44e3a2b2]" started-at="2024-04-22T23:56:20 EET" name="CheckContactNumber" finished-at="2024-04-22T23:56:20 EET" duration-ms="255" status="PASS">
          <reporter-output>
          </reporter-output>
        </test-method> <!-- CheckContactNumber -->
        <test-method signature="CheckQitafLogo()[pri:4, instance:AlmosaferWeb.MyTestCases@44e3a2b2]" started-at="2024-04-22T23:56:20 EET" name="CheckQitafLogo" finished-at="2024-04-22T23:56:20 EET" duration-ms="101" status="PASS">
          <reporter-output>
          </reporter-output>
        </test-method> <!-- CheckQitafLogo -->
        <test-method signature="RandomMethodToChangTheLanguage()[pri:6, instance:AlmosaferWeb.MyTestCases@44e3a2b2]" started-at="2024-04-22T23:56:20 EET" name="RandomMethodToChangTheLanguage" finished-at="2024-04-22T23:56:23 EET" duration-ms="2376" status="PASS">
          <reporter-output>
          </reporter-output>
        </test-method> <!-- RandomMethodToChangTheLanguage -->
        <test-method is-config="true" signature="myPostTest()[pri:0, instance:AlmosaferWeb.MyTestCases@44e3a2b2]" started-at="2024-04-22T23:56:23 EET" name="myPostTest" finished-at="2024-04-22T23:56:23 EET" duration-ms="0" status="PASS">
          <reporter-output>
          </reporter-output>
        </test-method> <!-- myPostTest -->
      </class> <!-- AlmosaferWeb.MyTestCases -->
    </test> <!-- Default test -->
  </suite> <!-- Default suite -->
</testng-results>
